   Compiling libc v0.2.171
   Compiling pkg-config v0.3.32
   Compiling log v0.4.27
     Running `/home/kagwe/.rustup/toolchains/stable-x86_64-unknown-linux-gnu/bin/rustc --crate-name build_script_build --edition=2021 /home/kagwe/.cargo/registry/src/index.crates.io-6f17d22bba15001f/libc-0.2.171/build.rs --error-format=json --json=diagnostic-rendered-ansi,artifacts,future-incompat --crate-type bin --emit=dep-info,link -C embed-bitcode=no --cfg 'feature="default"' --cfg 'feature="std"' --check-cfg 'cfg(docsrs)' --check-cfg 'cfg(feature, values("align", "const-extern-fn", "default", "extra_traits", "rustc-dep-of-std", "rustc-std-workspace-core", "std", "use_std"))' -C metadata=fdc6f86d1c35d6a1 -C extra-filename=-fdc6f86d1c35d6a1 --out-dir /home/kagwe/projects/enzi/engine/platform/target/debug/build/libc-fdc6f86d1c35d6a1 -L dependency=/home/kagwe/projects/enzi/engine/platform/target/debug/deps --cap-lints allow`
     Running `/home/kagwe/.rustup/toolchains/stable-x86_64-unknown-linux-gnu/bin/rustc --crate-name log --edition=2021 /home/kagwe/.cargo/registry/src/index.crates.io-6f17d22bba15001f/log-0.4.27/src/lib.rs --error-format=json --json=diagnostic-rendered-ansi,artifacts,future-incompat --crate-type lib --emit=dep-info,metadata,link -C embed-bitcode=no -C debuginfo=2 --check-cfg 'cfg(docsrs)' --check-cfg 'cfg(feature, values("kv", "kv_serde", "kv_std", "kv_sval", "kv_unstable", "kv_unstable_serde", "kv_unstable_std", "kv_unstable_sval", "max_level_debug", "max_level_error", "max_level_info", "max_level_off", "max_level_trace", "max_level_warn", "release_max_level_debug", "release_max_level_error", "release_max_level_info", "release_max_level_off", "release_max_level_trace", "release_max_level_warn", "serde", "std", "sval", "sval_ref", "value-bag"))' -C metadata=e7c62416bd076488 -C extra-filename=-e7c62416bd076488 --out-dir /home/kagwe/projects/enzi/engine/platform/target/debug/deps -L dependency=/home/kagwe/projects/enzi/engine/platform/target/debug/deps --cap-lints allow`
     Running `/home/kagwe/.rustup/toolchains/stable-x86_64-unknown-linux-gnu/bin/rustc --crate-name pkg_config --edition=2018 /home/kagwe/.cargo/registry/src/index.crates.io-6f17d22bba15001f/pkg-config-0.3.32/src/lib.rs --error-format=json --json=diagnostic-rendered-ansi,artifacts,future-incompat --crate-type lib --emit=dep-info,metadata,link -C embed-bitcode=no --check-cfg 'cfg(docsrs)' --check-cfg 'cfg(feature, values())' -C metadata=7fbe114be7e19e35 -C extra-filename=-7fbe114be7e19e35 --out-dir /home/kagwe/projects/enzi/engine/platform/target/debug/deps -L dependency=/home/kagwe/projects/enzi/engine/platform/target/debug/deps --cap-lints allow`
   Compiling x11 v2.21.0
     Running `/home/kagwe/.rustup/toolchains/stable-x86_64-unknown-linux-gnu/bin/rustc --crate-name build_script_build --edition=2021 /home/kagwe/.cargo/registry/src/index.crates.io-6f17d22bba15001f/x11-2.21.0/build.rs --error-format=json --json=diagnostic-rendered-ansi,artifacts,future-incompat --crate-type bin --emit=dep-info,link -C embed-bitcode=no --cfg 'feature="xlib"' --check-cfg 'cfg(docsrs)' --check-cfg 'cfg(feature, values("all", "dox", "dpms", "glx", "xcursor", "xf86vmode", "xfixes", "xft", "xinerama", "xinput", "xlib", "xlib_xcb", "xmu", "xrandr", "xrecord", "xrender", "xss", "xt", "xtest", "xtst"))' -C metadata=7e6be02ed34b1017 -C extra-filename=-7e6be02ed34b1017 --out-dir /home/kagwe/projects/enzi/engine/platform/target/debug/build/x11-7e6be02ed34b1017 -L dependency=/home/kagwe/projects/enzi/engine/platform/target/debug/deps --extern pkg_config=/home/kagwe/projects/enzi/engine/platform/target/debug/deps/libpkg_config-7fbe114be7e19e35.rlib --cap-lints allow`
     Running `/home/kagwe/projects/enzi/engine/platform/target/debug/build/libc-fdc6f86d1c35d6a1/build-script-build`
     Running `/home/kagwe/.rustup/toolchains/stable-x86_64-unknown-linux-gnu/bin/rustc --crate-name libc --edition=2021 /home/kagwe/.cargo/registry/src/index.crates.io-6f17d22bba15001f/libc-0.2.171/src/lib.rs --error-format=json --json=diagnostic-rendered-ansi,artifacts,future-incompat --crate-type lib --emit=dep-info,metadata,link -C embed-bitcode=no -C debuginfo=2 --cfg 'feature="default"' --cfg 'feature="std"' --check-cfg 'cfg(docsrs)' --check-cfg 'cfg(feature, values("align", "const-extern-fn", "default", "extra_traits", "rustc-dep-of-std", "rustc-std-workspace-core", "std", "use_std"))' -C metadata=fc8d11204d3fd6fb -C extra-filename=-fc8d11204d3fd6fb --out-dir /home/kagwe/projects/enzi/engine/platform/target/debug/deps -L dependency=/home/kagwe/projects/enzi/engine/platform/target/debug/deps --cap-lints allow --cfg freebsd11 --cfg libc_const_extern_fn --check-cfg 'cfg(emscripten_old_stat_abi)' --check-cfg 'cfg(espidf_time32)' --check-cfg 'cfg(freebsd10)' --check-cfg 'cfg(freebsd11)' --check-cfg 'cfg(freebsd12)' --check-cfg 'cfg(freebsd13)' --check-cfg 'cfg(freebsd14)' --check-cfg 'cfg(freebsd15)' --check-cfg 'cfg(libc_const_extern_fn)' --check-cfg 'cfg(libc_deny_warnings)' --check-cfg 'cfg(libc_thread_local)' --check-cfg 'cfg(libc_ctest)' --check-cfg 'cfg(linux_time_bits64)' --check-cfg 'cfg(target_os,values("switch","aix","ohos","hurd","rtems","visionos","nuttx","cygwin"))' --check-cfg 'cfg(target_env,values("illumos","wasi","aix","ohos"))' --check-cfg 'cfg(target_arch,values("loongarch64","mips32r6","mips64r6","csky"))'`
     Running `/home/kagwe/projects/enzi/engine/platform/target/debug/build/x11-7e6be02ed34b1017/build-script-build`
     Running `/home/kagwe/.rustup/toolchains/stable-x86_64-unknown-linux-gnu/bin/rustc --crate-name x11 --edition=2021 /home/kagwe/.cargo/registry/src/index.crates.io-6f17d22bba15001f/x11-2.21.0/src/lib.rs --error-format=json --json=diagnostic-rendered-ansi,artifacts,future-incompat --crate-type lib --emit=dep-info,metadata,link -C embed-bitcode=no -C debuginfo=2 --cfg 'feature="xlib"' --check-cfg 'cfg(docsrs)' --check-cfg 'cfg(feature, values("all", "dox", "dpms", "glx", "xcursor", "xf86vmode", "xfixes", "xft", "xinerama", "xinput", "xlib", "xlib_xcb", "xmu", "xrandr", "xrecord", "xrender", "xss", "xt", "xtest", "xtst"))' -C metadata=3032fc2e9eea3807 -C extra-filename=-3032fc2e9eea3807 --out-dir /home/kagwe/projects/enzi/engine/platform/target/debug/deps -L dependency=/home/kagwe/projects/enzi/engine/platform/target/debug/deps --extern libc=/home/kagwe/projects/enzi/engine/platform/target/debug/deps/liblibc-fc8d11204d3fd6fb.rmeta --cap-lints allow -L native=/usr/lib/x86_64-linux-gnu -l X11`
   Compiling xcb v0.9.0
     Running `/home/kagwe/.rustup/toolchains/stable-x86_64-unknown-linux-gnu/bin/rustc --crate-name build_script_build --edition=2015 /home/kagwe/.cargo/registry/src/index.crates.io-6f17d22bba15001f/xcb-0.9.0/build.rs --error-format=json --json=diagnostic-rendered-ansi,artifacts,future-incompat --crate-type bin --emit=dep-info,link -C embed-bitcode=no --check-cfg 'cfg(docsrs)' --check-cfg 'cfg(feature, values("composite", "damage", "debug_all", "dpms", "dri2", "dri3", "ge", "glx", "present", "randr", "record", "render", "res", "screensaver", "shape", "shm", "sync", "thread", "x11", "xevie", "xf86dri", "xf86vidmode", "xfixes", "xinerama", "xinput", "xkb", "xlib_xcb", "xprint", "xselinux", "xtest", "xv", "xvmc"))' -C metadata=68ca8a1979cbf61a -C extra-filename=-68ca8a1979cbf61a --out-dir /home/kagwe/projects/enzi/engine/platform/target/debug/build/xcb-68ca8a1979cbf61a -L dependency=/home/kagwe/projects/enzi/engine/platform/target/debug/deps --extern libc=/home/kagwe/projects/enzi/engine/platform/target/debug/deps/liblibc-fc8d11204d3fd6fb.rlib --cap-lints allow`
     Running `/home/kagwe/projects/enzi/engine/platform/target/debug/build/xcb-68ca8a1979cbf61a/build-script-build`
     Running `/home/kagwe/.rustup/toolchains/stable-x86_64-unknown-linux-gnu/bin/rustc --crate-name xcb --edition=2015 /home/kagwe/.cargo/registry/src/index.crates.io-6f17d22bba15001f/xcb-0.9.0/src/lib.rs --error-format=json --json=diagnostic-rendered-ansi,artifacts,future-incompat --crate-type lib --emit=dep-info,metadata,link -C embed-bitcode=no -C debuginfo=2 --check-cfg 'cfg(docsrs)' --check-cfg 'cfg(feature, values("composite", "damage", "debug_all", "dpms", "dri2", "dri3", "ge", "glx", "present", "randr", "record", "render", "res", "screensaver", "shape", "shm", "sync", "thread", "x11", "xevie", "xf86dri", "xf86vidmode", "xfixes", "xinerama", "xinput", "xkb", "xlib_xcb", "xprint", "xselinux", "xtest", "xv", "xvmc"))' -C metadata=84262c925dfcc020 -C extra-filename=-84262c925dfcc020 --out-dir /home/kagwe/projects/enzi/engine/platform/target/debug/deps -L dependency=/home/kagwe/projects/enzi/engine/platform/target/debug/deps --extern libc=/home/kagwe/projects/enzi/engine/platform/target/debug/deps/liblibc-fc8d11204d3fd6fb.rmeta --extern log=/home/kagwe/projects/enzi/engine/platform/target/debug/deps/liblog-e7c62416bd076488.rmeta --cap-lints allow`
   Compiling platform v0.1.0 (/home/kagwe/projects/enzi/engine/platform)
     Running `/home/kagwe/.rustup/toolchains/stable-x86_64-unknown-linux-gnu/bin/rustc --crate-name platform --edition=2021 src/main.rs --error-format=json --json=diagnostic-rendered-ansi,artifacts,future-incompat --crate-type bin --emit=dep-info,link -C embed-bitcode=no -C debuginfo=2 --check-cfg 'cfg(docsrs)' --check-cfg 'cfg(feature, values())' -C metadata=1e204ddfaafc04cf -C extra-filename=-1e204ddfaafc04cf --out-dir /home/kagwe/projects/enzi/engine/platform/target/debug/deps -C incremental=/home/kagwe/projects/enzi/engine/platform/target/debug/incremental -L dependency=/home/kagwe/projects/enzi/engine/platform/target/debug/deps --extern libc=/home/kagwe/projects/enzi/engine/platform/target/debug/deps/liblibc-fc8d11204d3fd6fb.rlib --extern x11=/home/kagwe/projects/enzi/engine/platform/target/debug/deps/libx11-3032fc2e9eea3807.rlib --extern xcb=/home/kagwe/projects/enzi/engine/platform/target/debug/deps/libxcb-84262c925dfcc020.rlib -L native=/usr/lib/x86_64-linux-gnu`
warning: unused import: `XSetEventQueueOwner`
 --> src/platform_linux.rs:3:51
  |
3 | use x11::{xlib::*, xlib_xcb::{ XGetXCBConnection, XSetEventQueueOwner}};
  |                                                   ^^^^^^^^^^^^^^^^^^^
  |
  = note: `#[warn(unused_imports)]` on by default

warning: type `b8` should have an upper camel case name
  --> src/platform_linux.rs:21:6
   |
21 | type b8 = u8;
   |      ^^ help: convert the identifier to upper camel case: `B8`
   |
   = note: `#[warn(non_camel_case_types)]` on by default

warning: unused import: `std::ffi::CString`
 --> src/main.rs:3:5
  |
3 | use std::ffi::CString;
  |     ^^^^^^^^^^^^^^^^^

warning: unused import: `std::time::Duration`
 --> src/main.rs:4:5
  |
4 | use std::time::Duration;
  |     ^^^^^^^^^^^^^^^^^^^

warning: unused variable: `alinged`
   --> src/platform_linux.rs:116:37
    |
116 | pub fn platform_allocate(size: u64, alinged: b8) -> Vec<u8>{
    |                                     ^^^^^^^ help: if this is intentional, prefix it with an underscore: `_alinged`
    |
    = note: `#[warn(unused_variables)]` on by default

warning: type `InternalState` is more private than the item `PlatformState::internal_state`
  --> src/platform_linux.rs:23:5
   |
23 |     pub internal_state: InternalState
   |     ^^^^^^^^^^^^^^^^^^^^^^^^^^^^^^^^^ field `PlatformState::internal_state` is reachable at visibility `pub(crate)`
   |
note: but type `InternalState` is only usable at visibility `pub(self)`
  --> src/platform_linux.rs:12:1
   |
12 | struct InternalState {
   | ^^^^^^^^^^^^^^^^^^^^
   = note: `#[warn(private_interfaces)]` on by default

warning: fields `screen` and `wm_protocols` are never read
  --> src/platform_linux.rs:16:5
   |
12 | struct InternalState {
   |        ------------- fields in this struct
...
16 |     screen: *mut xcb::ffi::xcb_screen_t,
   |     ^^^^^^
17 |     wm_protocols: xcb::ffi::xcb_atom_t,
   |     ^^^^^^^^^^^^
   |
   = note: `#[warn(dead_code)]` on by default

warning: type alias `b8` is never used
  --> src/platform_linux.rs:21:6
   |
21 | type b8 = u8;
   |      ^^

warning: function `platform_allocate` is never used
   --> src/platform_linux.rs:116:8
    |
116 | pub fn platform_allocate(size: u64, alinged: b8) -> Vec<u8>{
    |        ^^^^^^^^^^^^^^^^^

warning: function `platform_copy_memory` is never used
   --> src/platform_linux.rs:125:8
    |
125 | pub fn platform_copy_memory(dest: &mut [u8],source:  &[u8]){
    |        ^^^^^^^^^^^^^^^^^^^^

warning: function `platform_set_memory` is never used
   --> src/platform_linux.rs:130:8
    |
130 | pub fn platform_set_memory(dest: &mut [u8], value: i32){
    |        ^^^^^^^^^^^^^^^^^^^

warning: function `platform_console_write_error` is never used
   --> src/platform_linux.rs:195:8
    |
195 | pub fn platform_console_write_error(message: &str, colour: &str) -> bool {
    |        ^^^^^^^^^^^^^^^^^^^^^^^^^^^^

error: linking with `cc` failed: exit status: 1
  |
  = note: LC_ALL="C" PATH="/home/kagwe/.rustup/toolchains/stable-x86_64-unknown-linux-gnu/lib/rustlib/x86_64-unknown-linux-gnu/bin:/home/kagwe/.rustup/toolchains/stable-x86_64-unknown-linux-gnu/lib/rustlib/x86_64-unknown-linux-gnu/bin:/home/kagwe/.rustup/toolchains/stable-x86_64-unknown-linux-gnu/lib/rustlib/x86_64-unknown-linux-gnu/bin:/home/kagwe/.fly/bin:/home/kagwe/.vscode-server/bin/4437686ffebaf200fa4a6e6e67f735f3edf24ada/bin/remote-cli:/home/kagwe/.asdf/shims:/home/kagwe/.asdf/bin:/home/kagwe/.fly/bin:/home/kagwe/.starkli/bin:/home/kagwe/.nvm/versions/node/v22.12.0/bin:/home/kagwe/.cargo/bin:/usr/local/sbin:/usr/local/bin:/usr/sbin:/usr/bin:/sbin:/bin:/usr/games:/usr/local/games:/usr/lib/wsl/lib:/mnt/c/Program Files/WindowsApps/CanonicalGroupLimited.Ubuntu22.04LTS_2204.5.10021.0_x64__79rhkp1fndgsc:/mnt/c/Program Files (x86)/Common Files/Oracle/Java/javapath:/mnt/c/Program Files/Common Files/Oracle/Java/javapath:/mnt/c/Program Files/ImageMagick-7.1.1-Q16-HDRI:/mnt/c/Python312/Scripts/:/mnt/c/Python312/:/mnt/c/Windows/system32:/mnt/c/Windows:/mnt/c/Windows/System32/Wbem:/mnt/c/Windows/System32/WindowsPowerShell/v1.0/:/mnt/c/Windows/System32/OpenSSH/:/mnt/c/Program Files/Git/cmd:/mnt/c/Program Files/Docker/Docker/resources/bin:/mnt/c/Program Files/nodejs/:/mnt/c/ProgramData/chocolatey/bin:/mnt/c/Users/admin/AppData/Local/Android/Sdk/platform-tools:/mnt/c/Program Files/Java/jdk-22/bin:/mnt/c/Users/admin/AppData/Local/Android/Sdk/platform-tools:/mnt/c/Program Files/dotnet/:/mnt/c/Program Files (x86)/NVIDIA Corporation/PhysX/Common:/mnt/c/Users/admin/.cargo/bin:/mnt/c/Users/admin/scoop/shims:/mnt/c/Users/admin/AppData/Local/Microsoft/WindowsApps:/mnt/c/Users/admin/AppData/Local/Programs/Microsoft VS Code/bin:/mnt/c/Users/admin/AppData/Roaming/npm:/mnt/c/Users/admin/.dotnet/tools:/mnt/c/Program Files (x86)/Nmap:/snap/bin:/home/kagwe/.local/bin:/home/kagwe/.dojo/bin:/home/kagwe/.slot/bin:/home/kagwe/.local/bin:/home/kagwe/.local/bin:/home/kagwe/.foundry/bin:/home/kagwe/.sp1/bin:/home/kagwe/.local/bin:/home/kagwe/.local/bin:/home/kagwe/.dojo/bin:/home/kagwe/.slot/bin:/home/kagwe/.local/bin:/home/kagwe/.local/bin:/home/kagwe/.foundry/bin:/home/kagwe/.sp1/bin:/home/kagwe/.local/bin" VSLANG="1033" "cc" "-m64" "/tmp/rustc4v6XJD/symbols.o" "/home/kagwe/projects/enzi/engine/platform/target/debug/deps/platform-1e204ddfaafc04cf.0fefnl0i5w1knzbt2j18m5i7p.rcgu.o" "/home/kagwe/projects/enzi/engine/platform/target/debug/deps/platform-1e204ddfaafc04cf.1pbkb2bg4kpx4m7u1s95kra4z.rcgu.o" "/home/kagwe/projects/enzi/engine/platform/target/debug/deps/platform-1e204ddfaafc04cf.2hfuerv6wpo8566m6l9qar5ka.rcgu.o" "/home/kagwe/projects/enzi/engine/platform/target/debug/deps/platform-1e204ddfaafc04cf.2n8c7199qxkadicsc2ndmhvft.rcgu.o" "/home/kagwe/projects/enzi/engine/platform/target/debug/deps/platform-1e204ddfaafc04cf.2pqywua5zl5mnpp3i1ez45d79.rcgu.o" "/home/kagwe/projects/enzi/engine/platform/target/debug/deps/platform-1e204ddfaafc04cf.2q9ieynw2bssyo0l69xrpw26w.rcgu.o" "/home/kagwe/projects/enzi/engine/platform/target/debug/deps/platform-1e204ddfaafc04cf.2s8m1j3z02kyxhaek23nw7u9c.rcgu.o" "/home/kagwe/projects/enzi/engine/platform/target/debug/deps/platform-1e204ddfaafc04cf.2wpf2skju42mjuc2jftv5o22y.rcgu.o" "/home/kagwe/projects/enzi/engine/platform/target/debug/deps/platform-1e204ddfaafc04cf.3kw1auj8z9d6a3460epbyff53.rcgu.o" "/home/kagwe/projects/enzi/engine/platform/target/debug/deps/platform-1e204ddfaafc04cf.48rhhms1vtssmgejg77tx3sfe.rcgu.o" "/home/kagwe/projects/enzi/engine/platform/target/debug/deps/platform-1e204ddfaafc04cf.4ta92g6gg9ysir7n5k36o03ue.rcgu.o" "/home/kagwe/projects/enzi/engine/platform/target/debug/deps/platform-1e204ddfaafc04cf.5hxfhpsq5riqb48abm4xly741.rcgu.o" "/home/kagwe/projects/enzi/engine/platform/target/debug/deps/platform-1e204ddfaafc04cf.5xy1vziji5flkbfto2gffkda1.rcgu.o" "/home/kagwe/projects/enzi/engine/platform/target/debug/deps/platform-1e204ddfaafc04cf.60a47hhsx13kote0jkqva3qce.rcgu.o" "/home/kagwe/projects/enzi/engine/platform/target/debug/deps/platform-1e204ddfaafc04cf.62pq7llnf5455erwxu2ku3pow.rcgu.o" "/home/kagwe/projects/enzi/engine/platform/target/debug/deps/platform-1e204ddfaafc04cf.64q0eaqhttegfplfsholg5z0x.rcgu.o" "/home/kagwe/projects/enzi/engine/platform/target/debug/deps/platform-1e204ddfaafc04cf.67nxe7ttpbita8mx2j2xvt31h.rcgu.o" "/home/kagwe/projects/enzi/engine/platform/target/debug/deps/platform-1e204ddfaafc04cf.6a4832xdxhpc22b0nb4tees7e.rcgu.o" "/home/kagwe/projects/enzi/engine/platform/target/debug/deps/platform-1e204ddfaafc04cf.77asyrz80b9ivkbftwlcyhjz4.rcgu.o" "/home/kagwe/projects/enzi/engine/platform/target/debug/deps/platform-1e204ddfaafc04cf.7akvkyuwqeb93h2akvadpdbgu.rcgu.o" "/home/kagwe/projects/enzi/engine/platform/target/debug/deps/platform-1e204ddfaafc04cf.7ikgphw594uyfby775hluvfse.rcgu.o" "/home/kagwe/projects/enzi/engine/platform/target/debug/deps/platform-1e204ddfaafc04cf.82j0b0gbr8203nthjnw2qrriy.rcgu.o" "/home/kagwe/projects/enzi/engine/platform/target/debug/deps/platform-1e204ddfaafc04cf.8s9yo9hcek3uarc7jxf0xw2bl.rcgu.o" "/home/kagwe/projects/enzi/engine/platform/target/debug/deps/platform-1e204ddfaafc04cf.9ebaic2ox7ia8y721z6o2837b.rcgu.o" "/home/kagwe/projects/enzi/engine/platform/target/debug/deps/platform-1e204ddfaafc04cf.9y5nbdx4e2xtnw30lge2fk6a8.rcgu.o" "/home/kagwe/projects/enzi/engine/platform/target/debug/deps/platform-1e204ddfaafc04cf.ab1le7lb00m18m7gh5oxl7f03.rcgu.o" "/home/kagwe/projects/enzi/engine/platform/target/debug/deps/platform-1e204ddfaafc04cf.ak5xjhof0e5m53qne98bijm7x.rcgu.o" "/home/kagwe/projects/enzi/engine/platform/target/debug/deps/platform-1e204ddfaafc04cf.amzbht2u2poyz5l73f6c7qzwv.rcgu.o" "/home/kagwe/projects/enzi/engine/platform/target/debug/deps/platform-1e204ddfaafc04cf.b68ndesyzecytmdg4nqfzddu0.rcgu.o" "/home/kagwe/projects/enzi/engine/platform/target/debug/deps/platform-1e204ddfaafc04cf.bnn3zrbkn44ku9sl5g5sr6bs0.rcgu.o" "/home/kagwe/projects/enzi/engine/platform/target/debug/deps/platform-1e204ddfaafc04cf.c3hymsudf87wnjat2oo78mchu.rcgu.o" "/home/kagwe/projects/enzi/engine/platform/target/debug/deps/platform-1e204ddfaafc04cf.cpuzrcfdn8g2fm95agbx3qbdo.rcgu.o" "/home/kagwe/projects/enzi/engine/platform/target/debug/deps/platform-1e204ddfaafc04cf.f1eohu29mkggzuw5unsrb08u6.rcgu.o" "/home/kagwe/projects/enzi/engine/platform/target/debug/deps/platform-1e204ddfaafc04cf.9utk3wi7idp15pvwan6a7g0mq.rcgu.o" "-Wl,--as-needed" "-Wl,-Bstatic" "/home/kagwe/projects/enzi/engine/platform/target/debug/deps/libxcb-84262c925dfcc020.rlib" "/home/kagwe/projects/enzi/engine/platform/target/debug/deps/liblog-e7c62416bd076488.rlib" "/home/kagwe/projects/enzi/engine/platform/target/debug/deps/libx11-3032fc2e9eea3807.rlib" "/home/kagwe/projects/enzi/engine/platform/target/debug/deps/liblibc-fc8d11204d3fd6fb.rlib" "/home/kagwe/.rustup/toolchains/stable-x86_64-unknown-linux-gnu/lib/rustlib/x86_64-unknown-linux-gnu/lib/libstd-22be60875a4ac8d7.rlib" "/home/kagwe/.rustup/toolchains/stable-x86_64-unknown-linux-gnu/lib/rustlib/x86_64-unknown-linux-gnu/lib/libpanic_unwind-4b832a03827ff95e.rlib" "/home/kagwe/.rustup/toolchains/stable-x86_64-unknown-linux-gnu/lib/rustlib/x86_64-unknown-linux-gnu/lib/libobject-a25e7f31e2204719.rlib" "/home/kagwe/.rustup/toolchains/stable-x86_64-unknown-linux-gnu/lib/rustlib/x86_64-unknown-linux-gnu/lib/libmemchr-1f1858edbb50ccb5.rlib" "/home/kagwe/.rustup/toolchains/stable-x86_64-unknown-linux-gnu/lib/rustlib/x86_64-unknown-linux-gnu/lib/libaddr2line-1319b75889377807.rlib" "/home/kagwe/.rustup/toolchains/stable-x86_64-unknown-linux-gnu/lib/rustlib/x86_64-unknown-linux-gnu/lib/libgimli-c9972d847170eb93.rlib" "/home/kagwe/.rustup/toolchains/stable-x86_64-unknown-linux-gnu/lib/rustlib/x86_64-unknown-linux-gnu/lib/librustc_demangle-0868a75d0b80f801.rlib" "/home/kagwe/.rustup/toolchains/stable-x86_64-unknown-linux-gnu/lib/rustlib/x86_64-unknown-linux-gnu/lib/libstd_detect-f4254a923640cbea.rlib" "/home/kagwe/.rustup/toolchains/stable-x86_64-unknown-linux-gnu/lib/rustlib/x86_64-unknown-linux-gnu/lib/libhashbrown-f21de9b2e2c92770.rlib" "/home/kagwe/.rustup/toolchains/stable-x86_64-unknown-linux-gnu/lib/rustlib/x86_64-unknown-linux-gnu/lib/librustc_std_workspace_alloc-cf868f78468d45dd.rlib" "/home/kagwe/.rustup/toolchains/stable-x86_64-unknown-linux-gnu/lib/rustlib/x86_64-unknown-linux-gnu/lib/libminiz_oxide-cce9a55233783113.rlib" "/home/kagwe/.rustup/toolchains/stable-x86_64-unknown-linux-gnu/lib/rustlib/x86_64-unknown-linux-gnu/lib/libadler-6ef1f692f91f321e.rlib" "/home/kagwe/.rustup/toolchains/stable-x86_64-unknown-linux-gnu/lib/rustlib/x86_64-unknown-linux-gnu/lib/libunwind-d2b4a3bc57672e2c.rlib" "/home/kagwe/.rustup/toolchains/stable-x86_64-unknown-linux-gnu/lib/rustlib/x86_64-unknown-linux-gnu/lib/libcfg_if-9d8e4e6f4cb45592.rlib" "/home/kagwe/.rustup/toolchains/stable-x86_64-unknown-linux-gnu/lib/rustlib/x86_64-unknown-linux-gnu/lib/liblibc-858b7338441a56b6.rlib" "/home/kagwe/.rustup/toolchains/stable-x86_64-unknown-linux-gnu/lib/rustlib/x86_64-unknown-linux-gnu/lib/liballoc-d182631d04e1eed2.rlib" "/home/kagwe/.rustup/toolchains/stable-x86_64-unknown-linux-gnu/lib/rustlib/x86_64-unknown-linux-gnu/lib/librustc_std_workspace_core-7874c355ab5ed077.rlib" "/home/kagwe/.rustup/toolchains/stable-x86_64-unknown-linux-gnu/lib/rustlib/x86_64-unknown-linux-gnu/lib/libcore-46b25da62cc69443.rlib" "/home/kagwe/.rustup/toolchains/stable-x86_64-unknown-linux-gnu/lib/rustlib/x86_64-unknown-linux-gnu/lib/libcompiler_builtins-c71612932829263c.rlib" "-Wl,-Bdynamic" "-lxcb" "-lX11" "-lgcc_s" "-lutil" "-lrt" "-lpthread" "-lm" "-ldl" "-lc" "-Wl,--eh-frame-hdr" "-Wl,-z,noexecstack" "-L" "/usr/lib/x86_64-linux-gnu" "-L" "/home/kagwe/.rustup/toolchains/stable-x86_64-unknown-linux-gnu/lib/rustlib/x86_64-unknown-linux-gnu/lib" "-o" "/home/kagwe/projects/enzi/engine/platform/target/debug/deps/platform-1e204ddfaafc04cf" "-Wl,--gc-sections" "-pie" "-Wl,-z,relro,-z,now" "-nodefaultlibs"
  = note: /usr/bin/ld: /home/kagwe/projects/enzi/engine/platform/target/debug/deps/platform-1e204ddfaafc04cf.9ebaic2ox7ia8y721z6o2837b.rcgu.o: in function `platform::platform_linux::create_internal_state':
          /home/kagwe/projects/enzi/engine/platform/src/platform_linux.rs:214:(.text._ZN8platform14platform_linux21create_internal_state17h46c48ef6969edaeaE+0xca): undefined reference to `XGetXCBConnection'
          collect2: error: ld returned 1 exit status
          
  = note: some `extern` functions couldn't be found; some native libraries may need to be installed or have their path specified
  = note: use the `-l` flag to specify native libraries to link
  = note: use the `cargo:rustc-link-lib` directive to specify the native libraries to link with Cargo (see https://doc.rust-lang.org/cargo/reference/build-scripts.html#rustc-link-lib)

warning: `platform` (bin "platform") generated 12 warnings
error: could not compile `platform` (bin "platform") due to 1 previous error; 12 warnings emitted

Caused by:
  process didn't exit successfully: `/home/kagwe/.rustup/toolchains/stable-x86_64-unknown-linux-gnu/bin/rustc --crate-name platform --edition=2021 src/main.rs --error-format=json --json=diagnostic-rendered-ansi,artifacts,future-incompat --crate-type bin --emit=dep-info,link -C embed-bitcode=no -C debuginfo=2 --check-cfg 'cfg(docsrs)' --check-cfg 'cfg(feature, values())' -C metadata=1e204ddfaafc04cf -C extra-filename=-1e204ddfaafc04cf --out-dir /home/kagwe/projects/enzi/engine/platform/target/debug/deps -C incremental=/home/kagwe/projects/enzi/engine/platform/target/debug/incremental -L dependency=/home/kagwe/projects/enzi/engine/platform/target/debug/deps --extern libc=/home/kagwe/projects/enzi/engine/platform/target/debug/deps/liblibc-fc8d11204d3fd6fb.rlib --extern x11=/home/kagwe/projects/enzi/engine/platform/target/debug/deps/libx11-3032fc2e9eea3807.rlib --extern xcb=/home/kagwe/projects/enzi/engine/platform/target/debug/deps/libxcb-84262c925dfcc020.rlib -L native=/usr/lib/x86_64-linux-gnu` (exit status: 1)
